root - INFO - Logging into itchat...
urllib3.connectionpool - DEBUG - Starting new HTTPS connection (1): login.weixin.qq.com:443
urllib3.connectionpool - DEBUG - https://login.weixin.qq.com:443 "GET / HTTP/1.1" 200 85823
itchat - INFO - Getting uuid of QR code.
urllib3.connectionpool - DEBUG - Starting new HTTPS connection (1): login.weixin.qq.com:443
urllib3.connectionpool - DEBUG - https://login.weixin.qq.com:443 "GET /jslogin?appid=wx782c26e4c19acffb&fun=new HTTP/1.1" 200 64
itchat - INFO - Downloading QR code.
itchat - INFO - Please scan the QR code to log in.
urllib3.connectionpool - DEBUG - https://login.weixin.qq.com:443 "GET /cgi-bin/mmwebwx-bin/login?loginicon=true&uuid=AccWOUC3Bw==&tip=1&r=-976341&_=1541643939 HTTP/1.1" 200 3619
itchat - INFO - Please press confirm on your phone.
urllib3.connectionpool - DEBUG - https://login.weixin.qq.com:443 "GET /cgi-bin/mmwebwx-bin/login?loginicon=true&uuid=AccWOUC3Bw==&tip=1&r=-976341&_=1541643946 HTTP/1.1" 200 3619
urllib3.connectionpool - DEBUG - https://login.weixin.qq.com:443 "GET /cgi-bin/mmwebwx-bin/login?loginicon=true&uuid=AccWOUC3Bw==&tip=1&r=-976341&_=1541643946 HTTP/1.1" 200 3619
urllib3.connectionpool - DEBUG - https://login.weixin.qq.com:443 "GET /cgi-bin/mmwebwx-bin/login?loginicon=true&uuid=AccWOUC3Bw==&tip=1&r=-976341&_=1541643946 HTTP/1.1" 200 3619
urllib3.connectionpool - DEBUG - https://login.weixin.qq.com:443 "GET /cgi-bin/mmwebwx-bin/login?loginicon=true&uuid=AccWOUC3Bw==&tip=1&r=-976341&_=1541643946 HTTP/1.1" 200 3619
urllib3.connectionpool - DEBUG - https://login.weixin.qq.com:443 "GET /cgi-bin/mmwebwx-bin/login?loginicon=true&uuid=AccWOUC3Bw==&tip=1&r=-976341&_=1541643946 HTTP/1.1" 200 3619
urllib3.connectionpool - DEBUG - https://login.weixin.qq.com:443 "GET /cgi-bin/mmwebwx-bin/login?loginicon=true&uuid=AccWOUC3Bw==&tip=1&r=-976341&_=1541643946 HTTP/1.1" 200 3619
urllib3.connectionpool - DEBUG - https://login.weixin.qq.com:443 "GET /cgi-bin/mmwebwx-bin/login?loginicon=true&uuid=AccWOUC3Bw==&tip=1&r=-976341&_=1541643946 HTTP/1.1" 200 3619
urllib3.connectionpool - DEBUG - https://login.weixin.qq.com:443 "GET /cgi-bin/mmwebwx-bin/login?loginicon=true&uuid=AccWOUC3Bw==&tip=1&r=-976341&_=1541643946 HTTP/1.1" 200 3619
urllib3.connectionpool - DEBUG - https://login.weixin.qq.com:443 "GET /cgi-bin/mmwebwx-bin/login?loginicon=true&uuid=AccWOUC3Bw==&tip=1&r=-976341&_=1541643947 HTTP/1.1" 200 3619
urllib3.connectionpool - DEBUG - https://login.weixin.qq.com:443 "GET /cgi-bin/mmwebwx-bin/login?loginicon=true&uuid=AccWOUC3Bw==&tip=1&r=-976341&_=1541643947 HTTP/1.1" 200 3619
urllib3.connectionpool - DEBUG - https://login.weixin.qq.com:443 "GET /cgi-bin/mmwebwx-bin/login?loginicon=true&uuid=AccWOUC3Bw==&tip=1&r=-976341&_=1541643947 HTTP/1.1" 200 3615
urllib3.connectionpool - DEBUG - https://login.weixin.qq.com:443 "GET /cgi-bin/mmwebwx-bin/login?loginicon=true&uuid=AccWOUC3Bw==&tip=1&r=-976341&_=1541643947 HTTP/1.1" 200 3619
urllib3.connectionpool - DEBUG - https://login.weixin.qq.com:443 "GET /cgi-bin/mmwebwx-bin/login?loginicon=true&uuid=AccWOUC3Bw==&tip=1&r=-976341&_=1541643947 HTTP/1.1" 200 3619
urllib3.connectionpool - DEBUG - https://login.weixin.qq.com:443 "GET /cgi-bin/mmwebwx-bin/login?loginicon=true&uuid=AccWOUC3Bw==&tip=1&r=-976341&_=1541643947 HTTP/1.1" 200 3619
urllib3.connectionpool - DEBUG - https://login.weixin.qq.com:443 "GET /cgi-bin/mmwebwx-bin/login?loginicon=true&uuid=AccWOUC3Bw==&tip=1&r=-976341&_=1541643947 HTTP/1.1" 200 183
urllib3.connectionpool - DEBUG - Starting new HTTPS connection (1): wx.qq.com:443
urllib3.connectionpool - DEBUG - https://wx.qq.com:443 "GET /cgi-bin/mmwebwx-bin/webwxnewloginpage?ticket=AQv-ma54C43ToNIn8WyqryJ1@qrticket_0&uuid=AccWOUC3Bw==&lang=zh_CN&scan=1541643947 HTTP/1.1" 301 239
itchat - INFO - Loading the contact, this may take a little while.
urllib3.connectionpool - DEBUG - https://wx.qq.com:443 "POST /cgi-bin/mmwebwx-bin/webwxinit?r=-976341&pass_ticket=oTaYhzmGagJLs0U5CY2MRVlBTBRzYt6MNwGQEwJ%252FbYg0mDHGvCnBf2OPxUH31qN6 HTTP/1.1" 200 18045
urllib3.connectionpool - DEBUG - https://wx.qq.com:443 "POST /cgi-bin/mmwebwx-bin/webwxstatusnotify?lang=zh_CN&pass_ticket=oTaYhzmGagJLs0U5CY2MRVlBTBRzYt6MNwGQEwJ%2FbYg0mDHGvCnBf2OPxUH31qN6 HTTP/1.1" 200 80
urllib3.connectionpool - DEBUG - https://wx.qq.com:443 "GET /cgi-bin/mmwebwx-bin/webwxgetcontact?r=1541643954&seq=0&skey=@crypt_3894c9e3_4523890f2a522ce2c96267e532f23188 HTTP/1.1" 200 80038
itchat - INFO - Login successfully as -T.K.-
urllib3.connectionpool - DEBUG - Starting new HTTPS connection (1): webpush.wx.qq.com:443
itchat - INFO - Start auto replying.
root - INFO - itchat activated and running...
urllib3.connectionpool - DEBUG - https://webpush.wx.qq.com:443 "GET /cgi-bin/mmwebwx-bin/synccheck?r=1541643958538&skey=%40crypt_3894c9e3_4523890f2a522ce2c96267e532f23188&sid=tCYa011cmjZASK%2Fg&uin=1056997670&deviceid=e101192532505249&synckey=1_686475667%7C2_686475861%7C3_686475823%7C1000_1541631362&_=1541643958538 HTTP/1.1" 200 43
urllib3.connectionpool - DEBUG - https://wx.qq.com:443 "POST /cgi-bin/mmwebwx-bin/webwxsync?sid=tCYa011cmjZASK/g&skey=@crypt_3894c9e3_4523890f2a522ce2c96267e532f23188&pass_ticket=oTaYhzmGagJLs0U5CY2MRVlBTBRzYt6MNwGQEwJ%2FbYg0mDHGvCnBf2OPxUH31qN6 HTTP/1.1" 200 4379
urllib3.connectionpool - DEBUG - https://webpush.wx.qq.com:443 "GET /cgi-bin/mmwebwx-bin/synccheck?r=1541643959697&skey=%40crypt_3894c9e3_4523890f2a522ce2c96267e532f23188&sid=tCYa011cmjZASK%2Fg&uin=1056997670&deviceid=e101192532505249&synckey=1_686475667%7C2_686475864%7C3_686475823%7C11_686475710%7C201_1541643960%7C1000_1541631362&_=1541643959697 HTTP/1.1" 200 43
